[ 2019-11-07T15:30:26+08:00 ][ sql ] [ DB ] CONNECT:[ UseTime:0.001346s ] mysql:host=127.0.0.1;port=8889;dbname=write;charset=utf8
[ 2019-11-07T15:30:26+08:00 ][ sql ] [ SQL ] SHOW TABLE STATUS LIKE 'candidate' [ RunTime:0.000468s ]
[ 2019-11-07T15:30:26+08:00 ][ sql ] [ SQL ] SHOW TABLE STATUS LIKE 'fa_candidate' [ RunTime:0.000499s ]
[ 2019-11-07T15:30:58+08:00 ][ sql ] [ DB ] CONNECT:[ UseTime:0.001357s ] mysql:host=127.0.0.1;port=8889;dbname=write;charset=utf8
[ 2019-11-07T15:30:58+08:00 ][ sql ] [ SQL ] SHOW TABLE STATUS LIKE 'candidate' [ RunTime:0.000613s ]
[ 2019-11-07T15:30:58+08:00 ][ sql ] [ SQL ] SHOW TABLE STATUS LIKE 'fa_candidate' [ RunTime:0.000676s ]
[ 2019-11-07T15:30:58+08:00 ][ sql ] [ SQL ] SELECT * FROM `information_schema`.`columns` WHERE TABLE_SCHEMA = 'write' AND table_name = 'fa_candidate' ORDER BY ORDINAL_POSITION [ RunTime:0.000870s ]
[ 2019-11-07T15:30:58+08:00 ][ sql ] [ DB ] CONNECT:[ UseTime:0.001325s ] mysql:host=127.0.0.1;port=8889;dbname=write;charset=utf8
[ 2019-11-07T15:30:58+08:00 ][ sql ] [ SQL ] SHOW COLUMNS FROM `fa_auth_rule` [ RunTime:0.000689s ]
[ 2019-11-07T15:30:58+08:00 ][ sql ] [ SQL ] SELECT * FROM `fa_auth_rule` WHERE  `name` = 'candidate' LIMIT 1 [ RunTime:0.000411s ]
[ 2019-11-07T15:30:58+08:00 ][ sql ] [ SQL ] INSERT INTO `fa_auth_rule` (`pid` , `name` , `title` , `icon` , `remark` , `ismenu` , `status` , `createtime` , `updatetime`) VALUES (0 , 'candidate' , 'Candidate' , 'fa fa-circle-o' , '' , 1 , 'normal' , 1573111858 , 1573111858) [ RunTime:0.000626s ]
[ 2019-11-07T15:30:58+08:00 ][ sql ] [ SQL ] SELECT `id` FROM `fa_auth_rule` WHERE  `name` = 'candidate/index' LIMIT 1 [ RunTime:0.000341s ]
[ 2019-11-07T15:30:58+08:00 ][ sql ] [ SQL ] SELECT `id` FROM `fa_auth_rule` WHERE  `name` = 'candidate/add' LIMIT 1 [ RunTime:0.000317s ]
[ 2019-11-07T15:30:58+08:00 ][ sql ] [ SQL ] SELECT `id` FROM `fa_auth_rule` WHERE  `name` = 'candidate/edit' LIMIT 1 [ RunTime:0.000290s ]
[ 2019-11-07T15:30:58+08:00 ][ sql ] [ SQL ] SELECT `id` FROM `fa_auth_rule` WHERE  `name` = 'candidate/del' LIMIT 1 [ RunTime:0.000211s ]
[ 2019-11-07T15:30:58+08:00 ][ sql ] [ SQL ] SELECT `id` FROM `fa_auth_rule` WHERE  `name` = 'candidate/multi' LIMIT 1 [ RunTime:0.000244s ]
[ 2019-11-07T15:30:58+08:00 ][ sql ] [ SQL ] INSERT INTO `fa_auth_rule` (`id` , `pid` , `name` , `icon` , `title` , `ismenu` , `status` , `createtime` , `updatetime`) VALUES (NULL , 144 , 'candidate/index' , 'fa fa-circle-o' , '查看' , 0 , 'normal' , 1573111858 , 1573111858) [ RunTime:0.000244s ]
[ 2019-11-07T15:30:58+08:00 ][ sql ] [ SQL ] INSERT INTO `fa_auth_rule` (`id` , `pid` , `name` , `icon` , `title` , `ismenu` , `status` , `createtime` , `updatetime`) VALUES (NULL , 144 , 'candidate/add' , 'fa fa-circle-o' , '添加' , 0 , 'normal' , 1573111858 , 1573111858) [ RunTime:0.000213s ]
[ 2019-11-07T15:30:58+08:00 ][ sql ] [ SQL ] INSERT INTO `fa_auth_rule` (`id` , `pid` , `name` , `icon` , `title` , `ismenu` , `status` , `createtime` , `updatetime`) VALUES (NULL , 144 , 'candidate/edit' , 'fa fa-circle-o' , '编辑' , 0 , 'normal' , 1573111858 , 1573111858) [ RunTime:0.000228s ]
[ 2019-11-07T15:30:58+08:00 ][ sql ] [ SQL ] INSERT INTO `fa_auth_rule` (`id` , `pid` , `name` , `icon` , `title` , `ismenu` , `status` , `createtime` , `updatetime`) VALUES (NULL , 144 , 'candidate/del' , 'fa fa-circle-o' , '删除' , 0 , 'normal' , 1573111858 , 1573111858) [ RunTime:0.000264s ]
[ 2019-11-07T15:30:58+08:00 ][ sql ] [ SQL ] INSERT INTO `fa_auth_rule` (`id` , `pid` , `name` , `icon` , `title` , `ismenu` , `status` , `createtime` , `updatetime`) VALUES (NULL , 144 , 'candidate/multi' , 'fa fa-circle-o' , '批量更新' , 0 , 'normal' , 1573111858 , 1573111858) [ RunTime:0.000203s ]
[ 2019-11-07T19:40:24+08:00 ][ sql ] [ DB ] CONNECT:[ UseTime:0.001493s ] mysql:host=127.0.0.1;port=8889;dbname=write;charset=utf8
[ 2019-11-07T19:40:24+08:00 ][ sql ] [ SQL ] SHOW TABLE STATUS LIKE 'candidate' [ RunTime:0.000486s ]
[ 2019-11-07T19:40:24+08:00 ][ sql ] [ SQL ] SHOW TABLE STATUS LIKE 'fa_candidate' [ RunTime:0.000566s ]
[ 2019-11-07T19:40:24+08:00 ][ sql ] [ SQL ] SELECT * FROM `information_schema`.`columns` WHERE TABLE_SCHEMA = 'write' AND table_name = 'fa_candidate' ORDER BY ORDINAL_POSITION [ RunTime:0.000683s ]
[ 2019-11-07T19:40:24+08:00 ][ sql ] [ DB ] CONNECT:[ UseTime:0.001192s ] mysql:host=127.0.0.1;port=8889;dbname=write;charset=utf8
[ 2019-11-07T19:40:24+08:00 ][ sql ] [ SQL ] SHOW COLUMNS FROM `fa_auth_rule` [ RunTime:0.000715s ]
[ 2019-11-07T19:40:24+08:00 ][ sql ] [ SQL ] SELECT * FROM `fa_auth_rule` WHERE  `name` = 'candidate' LIMIT 1 [ RunTime:0.000421s ]
[ 2019-11-07T19:40:24+08:00 ][ sql ] [ SQL ] SELECT `id` FROM `fa_auth_rule` WHERE  `name` = 'candidate/index' LIMIT 1 [ RunTime:0.000349s ]
[ 2019-11-07T19:40:24+08:00 ][ sql ] [ SQL ] SELECT `id` FROM `fa_auth_rule` WHERE  `name` = 'candidate/add' LIMIT 1 [ RunTime:0.000297s ]
[ 2019-11-07T19:40:24+08:00 ][ sql ] [ SQL ] SELECT `id` FROM `fa_auth_rule` WHERE  `name` = 'candidate/edit' LIMIT 1 [ RunTime:0.000336s ]
[ 2019-11-07T19:40:24+08:00 ][ sql ] [ SQL ] SELECT `id` FROM `fa_auth_rule` WHERE  `name` = 'candidate/del' LIMIT 1 [ RunTime:0.000286s ]
[ 2019-11-07T19:40:24+08:00 ][ sql ] [ SQL ] SELECT `id` FROM `fa_auth_rule` WHERE  `name` = 'candidate/multi' LIMIT 1 [ RunTime:0.000273s ]
[ 2019-11-07T19:40:24+08:00 ][ sql ] [ SQL ] UPDATE `fa_auth_rule`  SET `pid`=144,`name`='candidate/index',`icon`='fa fa-circle-o',`title`='查看',`ismenu`=0,`status`='normal',`updatetime`=1573126824  WHERE  `id` = 145 [ RunTime:0.000305s ]
[ 2019-11-07T19:40:24+08:00 ][ sql ] [ SQL ] UPDATE `fa_auth_rule`  SET `pid`=144,`name`='candidate/add',`icon`='fa fa-circle-o',`title`='添加',`ismenu`=0,`status`='normal',`updatetime`=1573126824  WHERE  `id` = 146 [ RunTime:0.000300s ]
[ 2019-11-07T19:40:24+08:00 ][ sql ] [ SQL ] UPDATE `fa_auth_rule`  SET `pid`=144,`name`='candidate/edit',`icon`='fa fa-circle-o',`title`='编辑',`ismenu`=0,`status`='normal',`updatetime`=1573126824  WHERE  `id` = 147 [ RunTime:0.000235s ]
[ 2019-11-07T19:40:24+08:00 ][ sql ] [ SQL ] UPDATE `fa_auth_rule`  SET `pid`=144,`name`='candidate/del',`icon`='fa fa-circle-o',`title`='删除',`ismenu`=0,`status`='normal',`updatetime`=1573126824  WHERE  `id` = 148 [ RunTime:0.000275s ]
[ 2019-11-07T19:40:24+08:00 ][ sql ] [ SQL ] UPDATE `fa_auth_rule`  SET `pid`=144,`name`='candidate/multi',`icon`='fa fa-circle-o',`title`='批量更新',`ismenu`=0,`status`='normal',`updatetime`=1573126824  WHERE  `id` = 149 [ RunTime:0.000234s ]
[ 2019-11-07T19:41:58+08:00 ][ sql ] [ DB ] CONNECT:[ UseTime:0.001314s ] mysql:host=127.0.0.1;port=8889;dbname=write;charset=utf8
[ 2019-11-07T19:41:58+08:00 ][ sql ] [ SQL ] SHOW TABLE STATUS LIKE 'candidate' [ RunTime:0.000541s ]
[ 2019-11-07T19:41:58+08:00 ][ sql ] [ SQL ] SHOW TABLE STATUS LIKE 'fa_candidate' [ RunTime:0.000582s ]
[ 2019-11-07T19:41:58+08:00 ][ sql ] [ SQL ] SELECT * FROM `information_schema`.`columns` WHERE TABLE_SCHEMA = 'write' AND table_name = 'fa_candidate' ORDER BY ORDINAL_POSITION [ RunTime:0.000668s ]
[ 2019-11-07T19:41:58+08:00 ][ sql ] [ DB ] CONNECT:[ UseTime:0.001273s ] mysql:host=127.0.0.1;port=8889;dbname=write;charset=utf8
[ 2019-11-07T19:41:58+08:00 ][ sql ] [ SQL ] SHOW COLUMNS FROM `fa_auth_rule` [ RunTime:0.000694s ]
[ 2019-11-07T19:41:58+08:00 ][ sql ] [ SQL ] SELECT * FROM `fa_auth_rule` WHERE  `name` = 'candidate' LIMIT 1 [ RunTime:0.000386s ]
[ 2019-11-07T19:41:58+08:00 ][ sql ] [ SQL ] SELECT `id` FROM `fa_auth_rule` WHERE  `name` = 'candidate/index' LIMIT 1 [ RunTime:0.000342s ]
[ 2019-11-07T19:41:58+08:00 ][ sql ] [ SQL ] SELECT `id` FROM `fa_auth_rule` WHERE  `name` = 'candidate/add' LIMIT 1 [ RunTime:0.000390s ]
[ 2019-11-07T19:41:58+08:00 ][ sql ] [ SQL ] SELECT `id` FROM `fa_auth_rule` WHERE  `name` = 'candidate/edit' LIMIT 1 [ RunTime:0.000324s ]
[ 2019-11-07T19:41:58+08:00 ][ sql ] [ SQL ] SELECT `id` FROM `fa_auth_rule` WHERE  `name` = 'candidate/del' LIMIT 1 [ RunTime:0.000332s ]
[ 2019-11-07T19:41:58+08:00 ][ sql ] [ SQL ] SELECT `id` FROM `fa_auth_rule` WHERE  `name` = 'candidate/multi' LIMIT 1 [ RunTime:0.000339s ]
[ 2019-11-07T19:41:58+08:00 ][ sql ] [ SQL ] UPDATE `fa_auth_rule`  SET `pid`=144,`name`='candidate/index',`icon`='fa fa-circle-o',`title`='查看',`ismenu`=0,`status`='normal',`updatetime`=1573126918  WHERE  `id` = 145 [ RunTime:0.000310s ]
[ 2019-11-07T19:41:58+08:00 ][ sql ] [ SQL ] UPDATE `fa_auth_rule`  SET `pid`=144,`name`='candidate/add',`icon`='fa fa-circle-o',`title`='添加',`ismenu`=0,`status`='normal',`updatetime`=1573126918  WHERE  `id` = 146 [ RunTime:0.000337s ]
[ 2019-11-07T19:41:58+08:00 ][ sql ] [ SQL ] UPDATE `fa_auth_rule`  SET `pid`=144,`name`='candidate/edit',`icon`='fa fa-circle-o',`title`='编辑',`ismenu`=0,`status`='normal',`updatetime`=1573126918  WHERE  `id` = 147 [ RunTime:0.000329s ]
[ 2019-11-07T19:41:58+08:00 ][ sql ] [ SQL ] UPDATE `fa_auth_rule`  SET `pid`=144,`name`='candidate/del',`icon`='fa fa-circle-o',`title`='删除',`ismenu`=0,`status`='normal',`updatetime`=1573126918  WHERE  `id` = 148 [ RunTime:0.000331s ]
[ 2019-11-07T19:41:58+08:00 ][ sql ] [ SQL ] UPDATE `fa_auth_rule`  SET `pid`=144,`name`='candidate/multi',`icon`='fa fa-circle-o',`title`='批量更新',`ismenu`=0,`status`='normal',`updatetime`=1573126918  WHERE  `id` = 149 [ RunTime:0.000264s ]
